0 info it worked if it ends with ok
1 verbose cli [ 'node',
1 verbose cli   '/usr/local/bin/npm',
1 verbose cli   'install',
1 verbose cli   '-g',
1 verbose cli   'yo',
1 verbose cli   'bower',
1 verbose cli   'grunt-cli',
1 verbose cli   'gulp' ]
2 info using npm@2.11.3
3 info using node@v0.12.7
4 verbose install initial load of /usr/local/lib/package.json
5 verbose readDependencies loading dependencies from /usr/local/lib/package.json
6 silly cache add args [ 'yo', null ]
7 verbose cache add spec yo
8 silly cache add args [ 'bower', null ]
9 verbose cache add spec bower
10 silly cache add args [ 'grunt-cli', null ]
11 verbose cache add spec grunt-cli
12 silly cache add args [ 'gulp', null ]
13 verbose cache add spec gulp
14 silly cache add parsed spec { raw: 'yo',
14 silly cache add   scope: null,
14 silly cache add   name: 'yo',
14 silly cache add   rawSpec: '',
14 silly cache add   spec: '*',
14 silly cache add   type: 'range' }
15 silly addNamed yo@*
16 verbose addNamed "*" is a valid semver range for yo
17 silly addNameRange { name: 'yo', range: '*', hasData: false }
18 silly mapToRegistry name yo
19 silly mapToRegistry using default registry
20 silly mapToRegistry registry https://registry.npmjs.org/
21 silly mapToRegistry uri https://registry.npmjs.org/yo
22 verbose addNameRange registry:https://registry.npmjs.org/yo not in flight; fetching
23 silly cache add parsed spec { raw: 'bower',
23 silly cache add   scope: null,
23 silly cache add   name: 'bower',
23 silly cache add   rawSpec: '',
23 silly cache add   spec: '*',
23 silly cache add   type: 'range' }
24 silly addNamed bower@*
25 verbose addNamed "*" is a valid semver range for bower
26 silly addNameRange { name: 'bower', range: '*', hasData: false }
27 silly mapToRegistry name bower
28 silly mapToRegistry using default registry
29 silly mapToRegistry registry https://registry.npmjs.org/
30 silly mapToRegistry uri https://registry.npmjs.org/bower
31 verbose addNameRange registry:https://registry.npmjs.org/bower not in flight; fetching
32 silly cache add parsed spec { raw: 'grunt-cli',
32 silly cache add   scope: null,
32 silly cache add   name: 'grunt-cli',
32 silly cache add   rawSpec: '',
32 silly cache add   spec: '*',
32 silly cache add   type: 'range' }
33 silly addNamed grunt-cli@*
34 verbose addNamed "*" is a valid semver range for grunt-cli
35 silly addNameRange { name: 'grunt-cli', range: '*', hasData: false }
36 silly mapToRegistry name grunt-cli
37 silly mapToRegistry using default registry
38 silly mapToRegistry registry https://registry.npmjs.org/
39 silly mapToRegistry uri https://registry.npmjs.org/grunt-cli
40 verbose addNameRange registry:https://registry.npmjs.org/grunt-cli not in flight; fetching
41 silly cache add parsed spec { raw: 'gulp',
41 silly cache add   scope: null,
41 silly cache add   name: 'gulp',
41 silly cache add   rawSpec: '',
41 silly cache add   spec: '*',
41 silly cache add   type: 'range' }
42 silly addNamed gulp@*
43 verbose addNamed "*" is a valid semver range for gulp
44 silly addNameRange { name: 'gulp', range: '*', hasData: false }
45 silly mapToRegistry name gulp
46 silly mapToRegistry using default registry
47 silly mapToRegistry registry https://registry.npmjs.org/
48 silly mapToRegistry uri https://registry.npmjs.org/gulp
49 verbose addNameRange registry:https://registry.npmjs.org/gulp not in flight; fetching
50 verbose request uri https://registry.npmjs.org/yo
51 verbose request no auth needed
52 info attempt registry request try #1 at 7:46:33 PM
53 verbose request id 76e8de550a627512
54 verbose etag "2PEVRFGGOH5IZ28XQHYIJUXJL"
55 http request GET https://registry.npmjs.org/yo
56 verbose request uri https://registry.npmjs.org/grunt-cli
57 verbose request no auth needed
58 info attempt registry request try #1 at 7:46:33 PM
59 verbose etag "445ZDVYSUP9I78LRDHBS79E6G"
60 http request GET https://registry.npmjs.org/grunt-cli
61 verbose request uri https://registry.npmjs.org/bower
62 verbose request no auth needed
63 info attempt registry request try #1 at 7:46:33 PM
64 verbose etag "2SHCY448UNTIGQLC27IBCEXU0"
65 http request GET https://registry.npmjs.org/bower
66 verbose request uri https://registry.npmjs.org/gulp
67 verbose request no auth needed
68 info attempt registry request try #1 at 7:46:33 PM
69 verbose etag "1DSMEN1FVZETRKZ5L8D4JG40U"
70 http request GET https://registry.npmjs.org/gulp
71 http 304 https://registry.npmjs.org/gulp
72 silly get cb [ 304,
72 silly get   { date: 'Tue, 20 Oct 2015 11:46:40 GMT',
72 silly get     via: '1.1 varnish',
72 silly get     'cache-control': 'max-age=60',
72 silly get     etag: '"1DSMEN1FVZETRKZ5L8D4JG40U"',
72 silly get     age: '26',
72 silly get     connection: 'keep-alive',
72 silly get     'x-served-by': 'cache-sjc3125-SJC',
72 silly get     'x-cache': 'HIT',
72 silly get     'x-cache-hits': '1',
72 silly get     'x-timer': 'S1445341600.774776,VS0,VE0',
72 silly get     vary: 'Accept' } ]
73 verbose etag https://registry.npmjs.org/gulp from cache
74 verbose get saving gulp to /Users/ianromieona/.npm/registry.npmjs.org/gulp/.cache.json
75 http 304 https://registry.npmjs.org/grunt-cli
76 silly get cb [ 304,
76 silly get   { date: 'Tue, 20 Oct 2015 11:46:40 GMT',
76 silly get     via: '1.1 varnish',
76 silly get     'cache-control': 'max-age=60',
76 silly get     etag: '"445ZDVYSUP9I78LRDHBS79E6G"',
76 silly get     age: '47',
76 silly get     connection: 'keep-alive',
76 silly get     'x-served-by': 'cache-sjc3121-SJC',
76 silly get     'x-cache': 'HIT',
76 silly get     'x-cache-hits': '2',
76 silly get     'x-timer': 'S1445341600.784301,VS0,VE0',
76 silly get     vary: 'Accept' } ]
77 verbose etag https://registry.npmjs.org/grunt-cli from cache
78 verbose get saving grunt-cli to /Users/ianromieona/.npm/registry.npmjs.org/grunt-cli/.cache.json
79 http 304 https://registry.npmjs.org/bower
80 silly get cb [ 304,
80 silly get   { date: 'Tue, 20 Oct 2015 11:46:40 GMT',
80 silly get     via: '1.1 varnish',
80 silly get     'cache-control': 'max-age=60',
80 silly get     etag: '"2SHCY448UNTIGQLC27IBCEXU0"',
80 silly get     age: '37',
80 silly get     connection: 'keep-alive',
80 silly get     'x-served-by': 'cache-sjc3125-SJC',
80 silly get     'x-cache': 'HIT',
80 silly get     'x-cache-hits': '2',
80 silly get     'x-timer': 'S1445341600.798227,VS0,VE0',
80 silly get     vary: 'Accept' } ]
81 verbose etag https://registry.npmjs.org/bower from cache
82 verbose get saving bower to /Users/ianromieona/.npm/registry.npmjs.org/bower/.cache.json
83 silly addNameRange number 2 { name: 'bower', range: '*', hasData: true }
84 silly addNameRange versions [ 'bower',
84 silly addNameRange   [ '0.1.0',
84 silly addNameRange     '0.1.2',
84 silly addNameRange     '0.1.3',
84 silly addNameRange     '0.2.0',
84 silly addNameRange     '0.3.0',
84 silly addNameRange     '0.3.1',
84 silly addNameRange     '0.3.2',
84 silly addNameRange     '0.4.0',
84 silly addNameRange     '0.5.0',
84 silly addNameRange     '0.5.1',
84 silly addNameRange     '0.6.0',
84 silly addNameRange     '0.6.1',
84 silly addNameRange     '0.6.2',
84 silly addNameRange     '0.6.3',
84 silly addNameRange     '0.6.4',
84 silly addNameRange     '0.6.5',
84 silly addNameRange     '0.6.6',
84 silly addNameRange     '0.6.7',
84 silly addNameRange     '0.6.8',
84 silly addNameRange     '0.7.0',
84 silly addNameRange     '0.7.1',
84 silly addNameRange     '0.8.0',
84 silly addNameRange     '0.8.1',
84 silly addNameRange     '0.8.2',
84 silly addNameRange     '0.8.3',
84 silly addNameRange     '0.8.4',
84 silly addNameRange     '0.8.5',
84 silly addNameRange     '0.8.6',
84 silly addNameRange     '0.9.0',
84 silly addNameRange     '0.9.1',
84 silly addNameRange     '0.9.2',
84 silly addNameRange     '0.10.0',
84 silly addNameRange     '1.0.0',
84 silly addNameRange     '1.0.1',
84 silly addNameRange     '1.0.2',
84 silly addNameRange     '1.0.3',
84 silly addNameRange     '1.1.0',
84 silly addNameRange     '1.1.1',
84 silly addNameRange     '1.1.2',
84 silly addNameRange     '1.2.0',
84 silly addNameRange     '1.2.1',
84 silly addNameRange     '1.2.2',
84 silly addNameRange     '1.2.3',
84 silly addNameRange     '1.2.4',
84 silly addNameRange     '1.2.5',
84 silly addNameRange     '1.2.6',
84 silly addNameRange     '1.2.7',
84 silly addNameRange     '1.2.8',
84 silly addNameRange     '1.3.0',
84 silly addNameRange     '1.3.1',
84 silly addNameRange     '1.3.2',
84 silly addNameRange     '1.3.3',
84 silly addNameRange     '1.3.4',
84 silly addNameRange     '1.3.5',
84 silly addNameRange     '1.3.6',
84 silly addNameRange     '1.3.7',
84 silly addNameRange     '1.3.8',
84 silly addNameRange     '1.3.9',
84 silly addNameRange     '1.3.10',
84 silly addNameRange     '1.3.11',
84 silly addNameRange     '1.3.12',
84 silly addNameRange     '1.4.0',
84 silly addNameRange     '1.4.1',
84 silly addNameRange     '1.5.0',
84 silly addNameRange     '1.5.1',
84 silly addNameRange     '1.5.2',
84 silly addNameRange     '1.5.3',
84 silly addNameRange     '1.6.2',
84 silly addNameRange     '1.6.3' ] ]
85 silly addNamed bower@1.6.3
86 verbose addNamed "1.6.3" is a plain semver version for bower
87 silly addNameRange number 2 { name: 'grunt-cli', range: '*', hasData: true }
88 silly addNameRange versions [ 'grunt-cli',
88 silly addNameRange   [ '0.1.0',
88 silly addNameRange     '0.1.1',
88 silly addNameRange     '0.1.2',
88 silly addNameRange     '0.1.3',
88 silly addNameRange     '0.1.4',
88 silly addNameRange     '0.1.5',
88 silly addNameRange     '0.1.6',
88 silly addNameRange     '0.1.7',
88 silly addNameRange     '0.1.8',
88 silly addNameRange     '0.1.9',
88 silly addNameRange     '0.1.10',
88 silly addNameRange     '0.1.11',
88 silly addNameRange     '0.1.12',
88 silly addNameRange     '0.1.13' ] ]
89 silly addNamed grunt-cli@0.1.13
90 verbose addNamed "0.1.13" is a plain semver version for grunt-cli
91 silly addNameRange number 2 { name: 'gulp', range: '*', hasData: true }
92 silly addNameRange versions [ 'gulp',
92 silly addNameRange   [ '0.0.1',
92 silly addNameRange     '0.0.2',
92 silly addNameRange     '0.0.3',
92 silly addNameRange     '0.0.4',
92 silly addNameRange     '0.0.5',
92 silly addNameRange     '0.0.7',
92 silly addNameRange     '0.0.8',
92 silly addNameRange     '0.0.9',
92 silly addNameRange     '0.1.0',
92 silly addNameRange     '0.2.0',
92 silly addNameRange     '1.0.0',
92 silly addNameRange     '1.1.0',
92 silly addNameRange     '1.2.0',
92 silly addNameRange     '1.2.1',
92 silly addNameRange     '2.0.0',
92 silly addNameRange     '2.0.1',
92 silly addNameRange     '2.1.0',
92 silly addNameRange     '2.2.0',
92 silly addNameRange     '2.3.0',
92 silly addNameRange     '2.4.0',
92 silly addNameRange     '2.4.1',
92 silly addNameRange     '2.6.0',
92 silly addNameRange     '2.6.1',
92 silly addNameRange     '2.7.0',
92 silly addNameRange     '3.0.0',
92 silly addNameRange     '3.1.1',
92 silly addNameRange     '3.1.2',
92 silly addNameRange     '3.1.3',
92 silly addNameRange     '3.1.4',
92 silly addNameRange     '3.2.0',
92 silly addNameRange     '3.2.1',
92 silly addNameRange     '3.2.2',
92 silly addNameRange     '3.2.3',
92 silly addNameRange     '3.2.4',
92 silly addNameRange     '3.2.5',
92 silly addNameRange     '3.3.0',
92 silly addNameRange     '3.3.1',
92 silly addNameRange     '3.3.2',
92 silly addNameRange     '3.3.4',
92 silly addNameRange     '3.4.0',
92 silly addNameRange     '3.5.0',
92 silly addNameRange     '3.5.1',
92 silly addNameRange     '3.5.2',
92 silly addNameRange     '3.5.5',
92 silly addNameRange     '3.5.6',
92 silly addNameRange     '3.6.0',
92 silly addNameRange     '3.6.1',
92 silly addNameRange     '3.6.2',
92 silly addNameRange     '3.7.0',
92 silly addNameRange     '3.8.0',
92 silly addNameRange     '3.8.1',
92 silly addNameRange     '3.8.2',
92 silly addNameRange     '3.8.3',
92 silly addNameRange     '3.8.4',
92 silly addNameRange     '3.8.5',
92 silly addNameRange     '3.8.6',
92 silly addNameRange     '3.8.7',
92 silly addNameRange     '3.8.8',
92 silly addNameRange     '3.8.9',
92 silly addNameRange     '3.8.10',
92 silly addNameRange     '3.8.11',
92 silly addNameRange     '3.9.0' ] ]
93 silly addNamed gulp@3.9.0
94 verbose addNamed "3.9.0" is a plain semver version for gulp
95 silly mapToRegistry name bower
96 silly mapToRegistry using default registry
97 silly mapToRegistry registry https://registry.npmjs.org/
98 silly mapToRegistry uri https://registry.npmjs.org/bower
99 verbose addRemoteTarball https://registry.npmjs.org/bower/-/bower-1.6.3.tgz not in flight; adding
100 verbose addRemoteTarball [ 'https://registry.npmjs.org/bower/-/bower-1.6.3.tgz',
100 verbose addRemoteTarball   '70ab999e25dec5c078afcaf545a991f683dc1ea6' ]
101 info retry fetch attempt 1 at 7:46:39 PM
102 info attempt registry request try #1 at 7:46:39 PM
103 http fetch GET https://registry.npmjs.org/bower/-/bower-1.6.3.tgz
104 silly cache afterAdd grunt-cli@0.1.13
105 verbose afterAdd /Users/ianromieona/.npm/grunt-cli/0.1.13/package/package.json not in flight; writing
106 silly cache afterAdd gulp@3.9.0
107 verbose afterAdd /Users/ianromieona/.npm/gulp/3.9.0/package/package.json not in flight; writing
108 verbose afterAdd /Users/ianromieona/.npm/grunt-cli/0.1.13/package/package.json written
109 verbose afterAdd /Users/ianromieona/.npm/gulp/3.9.0/package/package.json written
110 http 304 https://registry.npmjs.org/yo
111 silly get cb [ 304,
111 silly get   { date: 'Tue, 20 Oct 2015 11:46:40 GMT',
111 silly get     via: '1.1 varnish',
111 silly get     'cache-control': 'max-age=60',
111 silly get     etag: '"2PEVRFGGOH5IZ28XQHYIJUXJL"',
111 silly get     age: '0',
111 silly get     connection: 'keep-alive',
111 silly get     'x-served-by': 'cache-sjc3131-SJC',
111 silly get     'x-cache': 'HIT',
111 silly get     'x-cache-hits': '1',
111 silly get     'x-timer': 'S1445341600.762400,VS0,VE157',
111 silly get     vary: 'Accept' } ]
112 verbose etag https://registry.npmjs.org/yo from cache
113 verbose get saving yo to /Users/ianromieona/.npm/registry.npmjs.org/yo/.cache.json
114 silly addNameRange number 2 { name: 'yo', range: '*', hasData: true }
115 silly addNameRange versions [ 'yo',
115 silly addNameRange   [ '1.1.0',
115 silly addNameRange     '1.1.1',
115 silly addNameRange     '1.1.2',
115 silly addNameRange     '1.2.0',
115 silly addNameRange     '1.2.1',
115 silly addNameRange     '1.3.0',
115 silly addNameRange     '1.3.2',
115 silly addNameRange     '1.3.3',
115 silly addNameRange     '1.4.1',
115 silly addNameRange     '1.4.2',
115 silly addNameRange     '1.4.4',
115 silly addNameRange     '1.4.5',
115 silly addNameRange     '1.4.6',
115 silly addNameRange     '1.4.7',
115 silly addNameRange     '1.4.8' ] ]
116 silly addNamed yo@1.4.8
117 verbose addNamed "1.4.8" is a plain semver version for yo
118 silly cache afterAdd yo@1.4.8
119 verbose afterAdd /Users/ianromieona/.npm/yo/1.4.8/package/package.json not in flight; writing
120 verbose afterAdd /Users/ianromieona/.npm/yo/1.4.8/package/package.json written
121 http fetch 200 https://registry.npmjs.org/bower/-/bower-1.6.3.tgz
122 silly fetchAndShaCheck shasum 70ab999e25dec5c078afcaf545a991f683dc1ea6
123 verbose addTmpTarball /var/folders/6l/qxqbwcls1xzcw6hhn8_ctr840000gn/T/npm-3607-902f0da6/registry.npmjs.org/bower/-/bower-1.6.3.tgz not in flight; adding
124 verbose addTmpTarball already have metadata; skipping unpack for bower@1.6.3
125 silly cache afterAdd bower@1.6.3
126 verbose afterAdd /Users/ianromieona/.npm/bower/1.6.3/package/package.json not in flight; writing
127 verbose afterAdd /Users/ianromieona/.npm/bower/1.6.3/package/package.json written
128 silly install resolved [ { name: 'grunt-cli',
128 silly install resolved     description: 'The grunt command line interface.',
128 silly install resolved     version: '0.1.13',
128 silly install resolved     author: { name: 'Grunt Team' },
128 silly install resolved     homepage: 'http://gruntjs.com/',
128 silly install resolved     repository: { type: 'git', url: 'git://github.com/gruntjs/grunt-cli.git' },
128 silly install resolved     bugs: { url: 'http://github.com/gruntjs/grunt-cli/issues' },
128 silly install resolved     licenses: [ [Object] ],
128 silly install resolved     bin: { grunt: 'bin/grunt' },
128 silly install resolved     engines: { node: '>= 0.8.0' },
128 silly install resolved     scripts: { test: 'node bin/grunt test' },
128 silly install resolved     preferGlobal: true,
128 silly install resolved     dependencies: { nopt: '~1.0.10', 'findup-sync': '~0.1.0', resolve: '~0.3.1' },
128 silly install resolved     devDependencies: { grunt: '~0.4.0', 'grunt-contrib-jshint': '~0.2.0' },
128 silly install resolved     contributors: [ [Object], [Object], [Object], [Object] ],
128 silly install resolved     _id: 'grunt-cli@0.1.13',
128 silly install resolved     dist:
128 silly install resolved      { shasum: 'e9ebc4047631f5012d922770c39378133cad10f4',
128 silly install resolved        tarball: 'http://registry.npmjs.org/grunt-cli/-/grunt-cli-0.1.13.tgz' },
128 silly install resolved     _from: 'grunt-cli@*',
128 silly install resolved     _npmVersion: '1.3.24',
128 silly install resolved     _npmUser: { name: 'tkellen', email: 'tyler@sleekcode.net' },
128 silly install resolved     maintainers: [ [Object] ],
128 silly install resolved     directories: {},
128 silly install resolved     _shasum: 'e9ebc4047631f5012d922770c39378133cad10f4',
128 silly install resolved     _resolved: 'https://registry.npmjs.org/grunt-cli/-/grunt-cli-0.1.13.tgz',
128 silly install resolved     readme: 'ERROR: No README data found!' },
128 silly install resolved   { name: 'gulp',
128 silly install resolved     description: 'The streaming build system',
128 silly install resolved     version: '3.9.0',
128 silly install resolved     homepage: 'http://gulpjs.com',
128 silly install resolved     repository: { type: 'git', url: 'git+https://github.com/gulpjs/gulp.git' },
128 silly install resolved     author:
128 silly install resolved      { name: 'Fractal',
128 silly install resolved        email: 'contact@wearefractal.com',
128 silly install resolved        url: 'http://wearefractal.com/' },
128 silly install resolved     tags: [ 'build', 'stream', 'system', 'make', 'tool', 'asset', 'pipeline' ],
128 silly install resolved     files: [ 'index.js', 'lib', 'bin', 'completion' ],
128 silly install resolved     bin: { gulp: './bin/gulp.js' },
128 silly install resolved     man: [ 'gulp.1' ],
128 silly install resolved     dependencies:
128 silly install resolved      { archy: '^1.0.0',
128 silly install resolved        chalk: '^1.0.0',
128 silly install resolved        deprecated: '^0.0.1',
128 silly install resolved        'gulp-util': '^3.0.0',
128 silly install resolved        interpret: '^0.6.2',
128 silly install resolved        liftoff: '^2.1.0',
128 silly install resolved        minimist: '^1.1.0',
128 silly install resolved        orchestrator: '^0.3.0',
128 silly install resolved        'pretty-hrtime': '^1.0.0',
128 silly install resolved        semver: '^4.1.0',
128 silly install resolved        tildify: '^1.0.0',
128 silly install resolved        v8flags: '^2.0.2',
128 silly install resolved        'vinyl-fs': '^0.3.0' },
128 silly install resolved     devDependencies:
128 silly install resolved      { coveralls: '^2.7.0',
128 silly install resolved        'graceful-fs': '^3.0.0',
128 silly install resolved        istanbul: '^0.3.0',
128 silly install resolved        jscs: '~1.12.0',
128 silly install resolved        jshint: '^2.5.0',
128 silly install resolved        'jshint-stylish': '^1.0.0',
128 silly install resolved        'marked-man': '^0.1.3',
128 silly install resolved        mkdirp: '^0.5.0',
128 silly install resolved        mocha: '^2.0.1',
128 silly install resolved        'mocha-lcov-reporter': '^0.0.1',
128 silly install resolved        q: '^1.0.0',
128 silly install resolved        rimraf: '^2.2.5',
128 silly install resolved        should: '^5.0.1' },
128 silly install resolved     scripts:
128 silly install resolved      { prepublish: 'marked-man --name gulp docs/CLI.md > gulp.1',
128 silly install resolved        lint: 'jshint lib bin test index.js --reporter node_modules/jshint-stylish/stylish.js --exclude node_modules && jscs lib bin test index.js',
128 silly install resolved        test: 'npm run-script lint && mocha --reporter spec',
128 silly install resolved        coveralls: 'istanbul cover _mocha --report lcovonly -- -R spec && cat ./coverage/lcov.info | coveralls && rm -rf ./coverage' },
128 silly install resolved     engines: { node: '>= 0.9' },
128 silly install resolved     license: 'MIT',
128 silly install resolved     gitHead: '657213a52d5e9c19b85df6a42f76341a98c08ae8',
128 silly install resolved     bugs: { url: 'https://github.com/gulpjs/gulp/issues' },
128 silly install resolved     _id: 'gulp@3.9.0',
128 silly install resolved     _shasum: 'cf1fba4cb558bb8c6ae6c9613f583ae2620d214a',
128 silly install resolved     _from: 'gulp@*',
128 silly install resolved     _npmVersion: '2.8.3',
128 silly install resolved     _nodeVersion: '0.10.36',
128 silly install resolved     _npmUser: { name: 'phated', email: 'blaine@iceddev.com' },
128 silly install resolved     maintainers: [ [Object], [Object] ],
128 silly install resolved     dist:
128 silly install resolved      { shasum: 'cf1fba4cb558bb8c6ae6c9613f583ae2620d214a',
128 silly install resolved        tarball: 'http://registry.npmjs.org/gulp/-/gulp-3.9.0.tgz' },
128 silly install resolved     directories: {},
128 silly install resolved     _resolved: 'https://registry.npmjs.org/gulp/-/gulp-3.9.0.tgz',
128 silly install resolved     readme: 'ERROR: No README data found!' },
128 silly install resolved   { name: 'yo',
128 silly install resolved     version: '1.4.8',
128 silly install resolved     description: 'CLI tool for running Yeoman generators',
128 silly install resolved     license: 'BSD-2-Clause',
128 silly install resolved     bin: { yo: 'lib/cli.js' },
128 silly install resolved     author: { name: 'Yeoman' },
128 silly install resolved     repository: { type: 'git', url: 'git+https://github.com/yeoman/yo.git' },
128 silly install resolved     engines: { node: '>=0.12.0' },
128 silly install resolved     scripts:
128 silly install resolved      { test: 'jshint . && mocha test/**/*.js',
128 silly install resolved        postinstall: 'yodoctor',
128 silly install resolved        postupdate: 'yodoctor',
128 silly install resolved        prepublish: 'nsp audit-package' },
128 silly install resolved     files: [ 'lib' ],
128 silly install resolved     keywords:
128 silly install resolved      [ 'cli-app',
128 silly install resolved        'cli',
128 silly install resolved        'bin',
128 silly install resolved        'front-end',
128 silly install resolved        'development',
128 silly install resolved        'dev',
128 silly install resolved        'build',
128 silly install resolved        'web',
128 silly install resolved        'tool',
128 silly install resolved        'scaffold',
128 silly install resolved        'stack',
128 silly install resolved        'yeoman',
128 silly install resolved        'generator',
128 silly install resolved        'generate',
128 silly install resolved        'app',
128 silly install resolved        'boilerplate' ],
128 silly install resolved     dependencies:
128 silly install resolved      { 'array-uniq': '^1.0.2',
128 silly install resolved        async: '^1.0.0',
128 silly install resolved        chalk: '^1.0.0',
128 silly install resolved        configstore: '^1.0.0',
128 silly install resolved        'cross-spawn': '^0.4.0',
128 silly install resolved        figures: '^1.3.5',
128 silly install resolved        findup: '^0.1.5',
128 silly install resolved        fullname: '^1.0.0',
128 silly install resolved        got: '^4.0.0',
128 silly install resolved        'humanize-string': '^1.0.0',
128 silly install resolved        inquirer: '^0.9.0',
128 silly install resolved        insight: '^0.6.0',
128 silly install resolved        lodash: '^3.2.0',
128 silly install resolved        meow: '^3.0.0',
128 silly install resolved        'npm-keyword': '^1.1.1',
128 silly install resolved        opn: '^3.0.2',
128 silly install resolved        'package-json': '^1.1.0',
128 silly install resolved        repeating: '^1.1.2',
128 silly install resolved        'root-check': '^1.0.0',
128 silly install resolved        'sort-on': '^1.0.0',
128 silly install resolved        'string-length': '^1.0.0',
128 silly install resolved        titleize: '^1.0.0',
128 silly install resolved        'update-notifier': '^0.5.0',
128 silly install resolved        'user-home': '^2.0.0',
128 silly install resolved        'yeoman-character': '^1.0.0',
128 silly install resolved        'yeoman-doctor': '^1.0.0',
128 silly install resolved        'yeoman-environment': '^1.2.7',
128 silly install resolved        yosay: '^1.0.0' },
128 silly install resolved     devDependencies:
128 silly install resolved      { jshint: '^2.5.11',
128 silly install resolved        mocha: '^2.1.0',
128 silly install resolved        mockery: '^1.4.0',
128 silly install resolved        nock: '^2.0.1',
128 silly install resolved        nsp: '*',
128 silly install resolved        proxyquire: '^1.0.1',
128 silly install resolved        'registry-url': '^3.0.0',
128 silly install resolved        sinon: '^1.12.1' },
128 silly install resolved     preferGlobal: true,
128 silly install resolved     gitHead: '97b1ad6d23dca678a27a31c6a4a606cba28ed2fb',
128 silly install resolved     bugs: { url: 'https://github.com/yeoman/yo/issues' },
128 silly install resolved     homepage: 'https://github.com/yeoman/yo#readme',
128 silly install resolved     _id: 'yo@1.4.8',
128 silly install resolved     _shasum: 'f045654e1afd29d09021bd78f9f2c063599ffa1c',
128 silly install resolved     _from: 'yo@*',
128 silly install resolved     _npmVersion: '2.12.1',
128 silly install resolved     _nodeVersion: '0.12.7',
128 silly install resolved     _npmUser: { name: 'sboudrias', email: 'admin@simonboudrias.com' },
128 silly install resolved     dist:
128 silly install resolved      { shasum: 'f045654e1afd29d09021bd78f9f2c063599ffa1c',
128 silly install resolved        tarball: 'http://registry.npmjs.org/yo/-/yo-1.4.8.tgz' },
128 silly install resolved     maintainers:
128 silly install resolved      [ [Object],
128 silly install resolved        [Object],
128 silly install resolved        [Object],
128 silly install resolved        [Object],
128 silly install resolved        [Object],
128 silly install resolved        [Object],
128 silly install resolved        [Object] ],
128 silly install resolved     directories: {},
128 silly install resolved     _resolved: 'https://registry.npmjs.org/yo/-/yo-1.4.8.tgz',
128 silly install resolved     readme: 'ERROR: No README data found!' },
128 silly install resolved   { name: 'bower',
128 silly install resolved     version: '1.6.3',
128 silly install resolved     description: 'The browser package manager',
128 silly install resolved     author: { name: 'Twitter' },
128 silly install resolved     license: 'MIT',
128 silly install resolved     repository: { type: 'git', url: 'git+https://github.com/bower/bower.git' },
128 silly install resolved     main: 'lib',
128 silly install resolved     homepage: 'http://bower.io',
128 silly install resolved     engines: { node: '>=0.10.0' },
128 silly install resolved     keywords: [ 'bower' ],
128 silly install resolved     dependencies:
128 silly install resolved      { abbrev: '^1.0.5',
128 silly install resolved        archy: '1.0.0',
128 silly install resolved        'bower-config': '^1.2.2',
128 silly install resolved        'bower-endpoint-parser': '^0.2.2',
128 silly install resolved        'bower-json': '^0.4.0',
128 silly install resolved        'bower-logger': '^0.2.2',
128 silly install resolved        'bower-registry-client': '^1.0.0',
128 silly install resolved        cardinal: '0.4.4',
128 silly install resolved        chalk: '^1.0.0',
128 silly install resolved        chmodr: '^1.0.2',
128 silly install resolved        configstore: '^0.3.2',
128 silly install resolved        'decompress-zip': '^0.1.0',
128 silly install resolved        destroy: '^1.0.3',
128 silly install resolved        'fs-write-stream-atomic': '^1.0.4',
128 silly install resolved        fstream: '^1.0.3',
128 silly install resolved        'fstream-ignore': '^1.0.2',
128 silly install resolved        github: '^0.2.3',
128 silly install resolved        glob: '^4.3.2',
128 silly install resolved        'graceful-fs': '^3.0.5',
128 silly install resolved        handlebars: '^2.0.0',
128 silly install resolved        inquirer: '0.10.0',
128 silly install resolved        insight: '^0.7.0',
128 silly install resolved        'is-root': '^1.0.0',
128 silly install resolved        junk: '^1.0.0',
128 silly install resolved        lockfile: '^1.0.0',
128 silly install resolved        'lru-cache': '^2.5.0',
128 silly install resolved        'md5-hex': '^1.0.2',
128 silly install resolved        mkdirp: '0.5.0',
128 silly install resolved        mout: '^0.11.0',
128 silly install resolved        nopt: '^3.0.1',
128 silly install resolved        opn: '^1.0.1',
128 silly install resolved        'p-throttler': '0.1.1',
128 silly install resolved        promptly: '0.2.0',
128 silly install resolved        q: '^1.1.2',
128 silly install resolved        request: '2.53.0',
128 silly install resolved        'request-progress': '0.3.1',
128 silly install resolved        retry: '0.6.1',
128 silly install resolved        rimraf: '^2.2.8',
128 silly install resolved        semver: '^2.3.0',
128 silly install resolved        'shell-quote': '^1.4.2',
128 silly install resolved        'stringify-object': '^1.0.0',
128 silly install resolved        'tar-fs': '^1.4.1',
128 silly install resolved        tmp: '0.0.24',
128 silly install resolved        'update-notifier': '^0.3.0',
128 silly install resolved        'user-home': '^1.1.0',
128 silly install resolved        which: '^1.0.8' },
128 silly install resolved     devDependencies:
128 silly install resolved      { chai: '^1.10.0',
128 silly install resolved        coveralls: '^2.11.2',
128 silly install resolved        'expect.js': '^0.3.1',
128 silly install resolved        grunt: '^0.4.5',
128 silly install resolved        'grunt-cli': '^0.1.13',
128 silly install resolved        'grunt-contrib-jshint': '^0.10.0',
128 silly install resolved        'grunt-contrib-watch': '^0.6.1',
128 silly install resolved        'grunt-exec': '^0.4.6',
128 silly install resolved        'grunt-simple-mocha': '^0.4.0',
128 silly install resolved        istanbul: '^0.3.5',
128 silly install resolved        'load-grunt-tasks': '^2.0.0',
128 silly install resolved        mocha: '^2.1.0',
128 silly install resolved        multiline: '^1.0.2',
128 silly install resolved        nock: '^2.13.0',
128 silly install resolved        'node-uuid': '^1.4.2',
128 silly install resolved        'npm-shrinkwrap': '^5.4.1',
128 silly install resolved        proxyquire: '^1.3.0',
128 silly install resolved        'spawn-sync': '^1.0.5' },
128 silly install resolved     scripts: { test: 'grunt test' },
128 silly install resolved     bin: { bower: 'bin/bower' },
128 silly install resolved     files: [ 'bin', 'lib', 'templates' ],
128 silly install resolved     gitHead: '2330d59ffa8f4f543a9f6ee4b0301e396236bf45',
128 silly install resolved     bugs: { url: 'https://github.com/bower/bower/issues' },
128 silly install resolved     bundleDependencies:
128 silly install resolved      [ 'abbrev',
128 silly install resolved        'archy',
128 silly install resolved        'bower-config',
128 silly install resolved        'bower-endpoint-parser',
128 silly install resolved        'bower-json',
128 silly install resolved        'bower-logger',
128 silly install resolved        'bower-registry-client',
128 silly install resolved        'cardinal',
128 silly install resolved        'chalk',
128 silly install resolved        'chmodr',
128 silly install resolved        'configstore',
128 silly install resolved        'decompress-zip',
128 silly install resolved        'destroy',
128 silly install resolved        'fs-write-stream-atomic',
128 silly install resolved        'fstream',
128 silly install resolved        'fstream-ignore',
128 silly install resolved        'github',
128 silly install resolved        'glob',
128 silly install resolved        'graceful-fs',
128 silly install resolved        'handlebars',
128 silly install resolved        'inquirer',
128 silly install resolved        'insight',
128 silly install resolved        'is-root',
128 silly install resolved        'junk',
128 silly install resolved        'lockfile',
128 silly install resolved        'lru-cache',
128 silly install resolved        'md5-hex',
128 silly install resolved        'mkdirp',
128 silly install resolved        'mout',
128 silly install resolved        'nopt',
128 silly install resolved        'opn',
128 silly install resolved        'p-throttler',
128 silly install resolved        'promptly',
128 silly install resolved        'q',
128 silly install resolved        'request',
128 silly install resolved        'request-progress',
128 silly install resolved        'retry',
128 silly install resolved        'rimraf',
128 silly install resolved        'semver',
128 silly install resolved        'shell-quote',
128 silly install resolved        'stringify-object',
128 silly install resolved        'tar-fs',
128 silly install resolved        'tmp',
128 silly install resolved        'update-notifier',
128 silly install resolved        'user-home',
128 silly install resolved        'which' ],
128 silly install resolved     _id: 'bower@1.6.3',
128 silly install resolved     _shasum: '70ab999e25dec5c078afcaf545a991f683dc1ea6',
128 silly install resolved     _from: 'bower@*',
128 silly install resolved     _npmVersion: '2.14.7',
128 silly install resolved     _nodeVersion: '4.1.1',
128 silly install resolved     _npmUser: { name: 'sheerun', email: 'sheerun@sher.pl' },
128 silly install resolved     dist:
128 silly install resolved      { shasum: '70ab999e25dec5c078afcaf545a991f683dc1ea6',
128 silly install resolved        tarball: 'http://registry.npmjs.org/bower/-/bower-1.6.3.tgz' },
128 silly install resolved     maintainers: [ [Object], [Object], [Object], [Object], [Object], [Object] ],
128 silly install resolved     directories: {},
128 silly install resolved     _resolved: 'https://registry.npmjs.org/bower/-/bower-1.6.3.tgz' } ]
129 info install grunt-cli@0.1.13 into /usr/local/lib
130 info install gulp@3.9.0 into /usr/local/lib
131 info install yo@1.4.8 into /usr/local/lib
132 info install bower@1.6.3 into /usr/local/lib
133 info installOne grunt-cli@0.1.13
134 verbose installOne of grunt-cli to /usr/local/lib not in flight; installing
135 info installOne gulp@3.9.0
136 verbose installOne of gulp to /usr/local/lib not in flight; installing
137 info installOne yo@1.4.8
138 verbose installOne of yo to /usr/local/lib not in flight; installing
139 info installOne bower@1.6.3
140 verbose installOne of bower to /usr/local/lib not in flight; installing
141 verbose lock using /Users/ianromieona/.npm/_locks/grunt-cli-58f484dab06f0a30.lock for /usr/local/lib/node_modules/grunt-cli
142 verbose lock using /Users/ianromieona/.npm/_locks/yo-c80abb7e04f27e35.lock for /usr/local/lib/node_modules/yo
143 verbose lock using /Users/ianromieona/.npm/_locks/gulp-709d00e5d169ceb3.lock for /usr/local/lib/node_modules/gulp
144 verbose lock using /Users/ianromieona/.npm/_locks/bower-e8debc5417026b57.lock for /usr/local/lib/node_modules/bower
145 silly install write writing bower 1.6.3 to /usr/local/lib/node_modules/bower
146 silly install write writing yo 1.4.8 to /usr/local/lib/node_modules/yo
147 silly install write writing grunt-cli 0.1.13 to /usr/local/lib/node_modules/grunt-cli
148 silly install write writing gulp 3.9.0 to /usr/local/lib/node_modules/gulp
149 verbose unbuild lib/node_modules/bower
150 verbose unbuild lib/node_modules/yo
151 verbose unbuild lib/node_modules/grunt-cli
152 verbose unbuild lib/node_modules/gulp
153 silly gentlyRm /usr/local/lib/node_modules/yo is being purged from base /usr/local
154 verbose gentlyRm don't care about contents; nuking /usr/local/lib/node_modules/yo
155 silly gentlyRm /usr/local/lib/node_modules/grunt-cli is being purged from base /usr/local
156 verbose gentlyRm don't care about contents; nuking /usr/local/lib/node_modules/grunt-cli
157 silly gentlyRm /usr/local/lib/node_modules/gulp is being purged from base /usr/local
158 verbose gentlyRm don't care about contents; nuking /usr/local/lib/node_modules/gulp
159 verbose tar unpack /Users/ianromieona/.npm/yo/1.4.8/package.tgz
160 verbose tar unpacking to /usr/local/lib/node_modules/yo
161 silly gentlyRm /usr/local/lib/node_modules/yo is being purged
162 verbose gentlyRm don't care about contents; nuking /usr/local/lib/node_modules/yo
163 verbose tar unpack /Users/ianromieona/.npm/grunt-cli/0.1.13/package.tgz
164 verbose tar unpacking to /usr/local/lib/node_modules/grunt-cli
165 silly gentlyRm /usr/local/lib/node_modules/grunt-cli is being purged
166 verbose gentlyRm don't care about contents; nuking /usr/local/lib/node_modules/grunt-cli
167 verbose tar unpack /Users/ianromieona/.npm/gulp/3.9.0/package.tgz
168 verbose tar unpacking to /usr/local/lib/node_modules/gulp
169 silly gentlyRm /usr/local/lib/node_modules/gulp is being purged
170 verbose gentlyRm don't care about contents; nuking /usr/local/lib/node_modules/gulp
171 silly gunzTarPerm modes [ '755', '644' ]
172 silly gunzTarPerm modes [ '755', '644' ]
173 silly gunzTarPerm modes [ '755', '644' ]
174 info preuninstall bower@1.4.1
175 info uninstall bower@1.4.1
176 verbose unbuild rmStuff bower@1.4.1 from /usr/local/lib/node_modules
177 silly gentlyRm /usr/local/bin/bower is being gently removed
178 silly gentlyRm verifying /usr/local is an npm working directory
179 error tar.unpack untar error /Users/ianromieona/.npm/yo/1.4.8/package.tgz
180 silly gentlyRm containing path /usr/local is under npm's control, in /usr/local
181 silly gentlyRm deletion target /usr/local/bin/bower is under /usr/local
182 verbose gentlyRm vacuuming from /usr/local/bin/bower up to /usr/local
183 error tar.unpack untar error /Users/ianromieona/.npm/gulp/3.9.0/package.tgz
184 error tar.unpack untar error /Users/ianromieona/.npm/grunt-cli/0.1.13/package.tgz
185 verbose unlock done using /Users/ianromieona/.npm/_locks/yo-c80abb7e04f27e35.lock for /usr/local/lib/node_modules/yo
186 silly vacuum-fs removing /usr/local/bin/bower
187 verbose unlock done using /Users/ianromieona/.npm/_locks/gulp-709d00e5d169ceb3.lock for /usr/local/lib/node_modules/gulp
188 verbose unlock done using /Users/ianromieona/.npm/_locks/grunt-cli-58f484dab06f0a30.lock for /usr/local/lib/node_modules/grunt-cli
189 silly vacuum-fs quitting because other entries in /usr/local/bin
190 info postuninstall bower@1.4.1
191 silly gentlyRm /usr/local/lib/node_modules/bower is being purged from base /usr/local
192 verbose gentlyRm don't care about contents; nuking /usr/local/lib/node_modules/bower
193 silly vacuum-fs purging /usr/local/lib/node_modules/bower
194 verbose unlock done using /Users/ianromieona/.npm/_locks/bower-e8debc5417026b57.lock for /usr/local/lib/node_modules/bower
195 verbose fstream_path /usr/local/lib/node_modules/yo
196 verbose fstream_type Directory
197 verbose fstream_class DirWriter
198 verbose stack Error: EACCES, mkdir '/usr/local/lib/node_modules/yo'
198 verbose stack     at Error (native)
199 verbose fstream_stack /usr/local/lib/node_modules/npm/node_modules/fstream/lib/dir-writer.js:35:25
199 verbose fstream_stack /usr/local/lib/node_modules/npm/node_modules/mkdirp/index.js:47:53
199 verbose fstream_stack FSReqWrap.oncomplete (fs.js:95:15)
200 verbose cwd /Applications/XAMPP/xamppfiles/htdocs/portfolio
201 error Darwin 15.0.0
202 error argv "node" "/usr/local/bin/npm" "install" "-g" "yo" "bower" "grunt-cli" "gulp"
203 error node v0.12.7
204 error npm  v2.11.3
205 error path /usr/local/lib/node_modules/yo
206 error code EACCES
207 error errno -13
208 error Error: EACCES, mkdir '/usr/local/lib/node_modules/yo'
208 error     at Error (native)
208 error  { [Error: EACCES, mkdir '/usr/local/lib/node_modules/yo']
208 error   errno: -13,
208 error   code: 'EACCES',
208 error   path: '/usr/local/lib/node_modules/yo',
208 error   fstream_type: 'Directory',
208 error   fstream_path: '/usr/local/lib/node_modules/yo',
208 error   fstream_class: 'DirWriter',
208 error   fstream_stack:
208 error    [ '/usr/local/lib/node_modules/npm/node_modules/fstream/lib/dir-writer.js:35:25',
208 error      '/usr/local/lib/node_modules/npm/node_modules/mkdirp/index.js:47:53',
208 error      'FSReqWrap.oncomplete (fs.js:95:15)' ] }
209 error Please try running this command again as root/Administrator.
210 verbose exit [ -13, true ]
211 verbose unbuild lib/node_modules/yo
212 silly gentlyRm /usr/local/lib/node_modules/yo is being purged from base /usr/local
213 verbose gentlyRm don't care about contents; nuking /usr/local/lib/node_modules/yo
214 verbose unbuild lib/node_modules/gulp
215 silly gentlyRm /usr/local/lib/node_modules/gulp is being purged from base /usr/local
216 verbose gentlyRm don't care about contents; nuking /usr/local/lib/node_modules/gulp
217 verbose unbuild lib/node_modules/grunt-cli
218 silly gentlyRm /usr/local/lib/node_modules/grunt-cli is being purged from base /usr/local
219 verbose gentlyRm don't care about contents; nuking /usr/local/lib/node_modules/grunt-cli
220 verbose unbuild lib/node_modules/bower
221 info preuninstall bower@1.4.1
222 info uninstall bower@1.4.1
223 verbose unbuild rmStuff bower@1.4.1 from /usr/local/lib/node_modules
224 silly gentlyRm /usr/local/bin/bower is being gently removed
225 silly gentlyRm verifying /usr/local is an npm working directory
226 silly gentlyRm containing path /usr/local is under npm's control, in /usr/local
227 silly gentlyRm deletion target /usr/local/bin/bower is under /usr/local
228 verbose gentlyRm vacuuming from /usr/local/bin/bower up to /usr/local
229 info postuninstall bower@1.4.1
230 silly gentlyRm /usr/local/lib/node_modules/bower is being purged from base /usr/local
231 verbose gentlyRm don't care about contents; nuking /usr/local/lib/node_modules/bower
232 silly vacuum-fs purging /usr/local/lib/node_modules/bower
233 error error rolling back Error: EACCES, rmdir '/usr/local/lib/node_modules/bower'
233 error error rolling back     at Error (native)
233 error error rolling back  { [Error: EACCES, rmdir '/usr/local/lib/node_modules/bower']
233 error error rolling back   errno: -13,
233 error error rolling back   code: 'EACCES',
233 error error rolling back   path: '/usr/local/lib/node_modules/bower' }
